Initializing Supabase Admin client...
Supabase Admin client initialized
Loading auth middleware...
CORS Origin configured as: http://localhost:3000
🚀 API Server running on http://localhost:3002
📋 Health check: http://localhost:3002/api/health
[2026-02-03T11:12:22.061Z] OPTIONS /api/stats/overview
[2026-02-03T11:12:22.065Z] OPTIONS /api/stats/overview
[2026-02-03T11:12:22.065Z] GET /api/stats/overview
[2026-02-03T11:12:22.776Z] GET /api/stats/overview
[2026-02-03T11:12:23.721Z] OPTIONS /api/spaces
[2026-02-03T11:12:23.723Z] OPTIONS /api/spaces
[2026-02-03T11:12:23.724Z] GET /api/spaces
[2026-02-03T11:12:24.410Z] GET /api/spaces
[2026-02-03T11:12:24.846Z] OPTIONS /api/tenants
[2026-02-03T11:12:24.851Z] GET /api/tenants
[2026-02-03T11:12:24.852Z] OPTIONS /api/tenants
[2026-02-03T11:12:25.739Z] OPTIONS /api/contracts
[2026-02-03T11:12:25.740Z] OPTIONS /api/contracts
[2026-02-03T11:12:25.741Z] GET /api/contracts
[2026-02-03T11:12:26.030Z] GET /api/tenants
[2026-02-03T11:12:26.542Z] GET /api/contracts
[2026-02-03T11:12:27.128Z] OPTIONS /api/payments?limit=100
[2026-02-03T11:12:27.129Z] OPTIONS /api/payments?limit=100
[2026-02-03T11:12:27.130Z] GET /api/payments?limit=100
[2026-02-03T11:12:28.324Z] GET /api/payments?limit=100
[2026-02-03T11:12:29.361Z] OPTIONS /api/stats/overview
[2026-02-03T11:12:29.362Z] OPTIONS /api/stats/overview
[2026-02-03T11:12:29.363Z] GET /api/stats/overview
[2026-02-03T11:12:30.163Z] GET /api/stats/overview
[2026-02-03T11:14:18.574Z] OPTIONS /api/spaces
[2026-02-03T11:14:18.576Z] OPTIONS /api/spaces
[2026-02-03T11:14:18.579Z] GET /api/spaces
[2026-02-03T11:14:19.503Z] GET /api/spaces
[2026-02-03T11:14:53.726Z] OPTIONS /api/payments?limit=100
[2026-02-03T11:14:53.728Z] OPTIONS /api/payments?limit=100
[2026-02-03T11:14:53.729Z] GET /api/payments?limit=100
[2026-02-03T11:14:54.483Z] GET /api/payments?limit=100
[2026-02-03T11:14:55.822Z] OPTIONS /api/tenants
[2026-02-03T11:14:55.823Z] OPTIONS /api/tenants
[2026-02-03T11:14:55.824Z] GET /api/tenants
[2026-02-03T11:14:56.890Z] GET /api/tenants
[2026-02-03T11:14:57.583Z] OPTIONS /api/contracts
[2026-02-03T11:14:57.584Z] OPTIONS /api/contracts
[2026-02-03T11:14:57.585Z] GET /api/contracts
[2026-02-03T11:14:58.525Z] GET /api/contracts
[2026-02-03T11:15:07.360Z] OPTIONS /api/tenants
[2026-02-03T11:15:07.360Z] OPTIONS /api/tenants
[2026-02-03T11:15:07.361Z] GET /api/tenants
[2026-02-03T11:15:08.449Z] GET /api/tenants
[2026-02-03T11:26:39.463Z] OPTIONS /api/contracts
[2026-02-03T11:26:39.464Z] OPTIONS /api/contracts
[2026-02-03T11:26:39.466Z] GET /api/contracts
[2026-02-03T11:26:41.230Z] OPTIONS /api/stats/overview
[2026-02-03T11:26:41.231Z] OPTIONS /api/stats/overview
[2026-02-03T11:26:41.233Z] GET /api/stats/overview
[2026-02-03T11:26:41.424Z] GET /api/contracts
[2026-02-03T11:26:43.184Z] GET /api/stats/overview
[2026-02-04T08:28:27.001Z] OPTIONS /api/stats/overview
[2026-02-04T08:28:27.005Z] OPTIONS /api/stats/overview
[2026-02-04T08:28:27.008Z] GET /api/stats/overview
[2026-02-04T08:28:29.944Z] GET /api/stats/overview
[2026-02-04T08:29:04.761Z] OPTIONS /api/stats/overview
[2026-02-04T08:29:04.769Z] OPTIONS /api/stats/overview
[2026-02-04T08:29:04.772Z] GET /api/stats/overview
[2026-02-04T08:29:06.043Z] GET /api/stats/overview
[2026-02-04T09:05:26.804Z] OPTIONS /api/spaces
[2026-02-04T09:05:26.805Z] OPTIONS /api/spaces
[2026-02-04T09:05:26.806Z] GET /api/spaces
[2026-02-04T09:05:27.452Z] OPTIONS /api/stats/overview
[2026-02-04T09:05:27.452Z] OPTIONS /api/stats/overview
[2026-02-04T09:05:27.454Z] GET /api/stats/overview
[2026-02-04T09:05:28.899Z] GET /api/spaces
[2026-02-04T09:05:29.389Z] GET /api/stats/overview
[2026-02-04T09:07:10.954Z] OPTIONS /api/stats/overview
[2026-02-04T09:07:10.955Z] OPTIONS /api/stats/overview
[2026-02-04T09:07:10.955Z] GET /api/stats/overview
[2026-02-04T09:07:11.745Z] GET /api/stats/overview
[2026-02-04T09:07:24.406Z] OPTIONS /api/stats/overview
[2026-02-04T09:07:24.407Z] OPTIONS /api/stats/overview
[2026-02-04T09:07:24.407Z] GET /api/stats/overview
[2026-02-04T09:07:25.166Z] GET /api/stats/overview
[2026-02-04T09:07:26.912Z] OPTIONS /api/payments?limit=100
[2026-02-04T09:07:26.913Z] OPTIONS /api/payments?limit=100
[2026-02-04T09:07:26.914Z] GET /api/payments?limit=100
[2026-02-04T09:07:27.553Z] GET /api/payments?limit=100
[2026-02-04T09:07:28.246Z] OPTIONS /api/contracts
[2026-02-04T09:07:28.247Z] OPTIONS /api/contracts
[2026-02-04T09:07:28.251Z] GET /api/contracts
[2026-02-04T09:07:29.045Z] GET /api/contracts
[2026-02-04T09:07:29.077Z] OPTIONS /api/tenants
[2026-02-04T09:07:29.078Z] OPTIONS /api/tenants
[2026-02-04T09:07:29.080Z] GET /api/tenants
[2026-02-04T09:07:29.717Z] GET /api/tenants
[2026-02-04T09:07:29.770Z] OPTIONS /api/spaces
[2026-02-04T09:07:29.771Z] OPTIONS /api/spaces
[2026-02-04T09:07:29.772Z] GET /api/spaces
[2026-02-04T09:07:30.341Z] OPTIONS /api/stats/overview
[2026-02-04T09:07:30.342Z] OPTIONS /api/stats/overview
[2026-02-04T09:07:30.342Z] GET /api/stats/overview
[2026-02-04T09:07:30.351Z] GET /api/spaces
[2026-02-04T09:07:31.020Z] GET /api/spaces
[2026-02-04T09:07:31.021Z] GET /api/stats/overview
[2026-02-04T09:07:31.642Z] GET /api/spaces
[2026-02-04T09:07:32.443Z] GET /api/stats/overview
[2026-02-04T09:07:33.079Z] GET /api/stats/overview
[2026-02-04T09:07:36.015Z] OPTIONS /api/spaces
[2026-02-04T09:07:36.015Z] OPTIONS /api/spaces
[2026-02-04T09:07:36.016Z] GET /api/spaces
[2026-02-04T09:07:36.621Z] GET /api/spaces
[2026-02-04T09:12:41.284Z] OPTIONS /api/spaces
[2026-02-04T09:12:41.286Z] OPTIONS /api/spaces
[2026-02-04T09:12:41.287Z] GET /api/spaces
[2026-02-04T09:12:42.792Z] GET /api/spaces
[2026-02-04T09:14:28.728Z] OPTIONS /api/payments?limit=100
[2026-02-04T09:14:28.730Z] OPTIONS /api/payments?limit=100
[2026-02-04T09:14:28.734Z] GET /api/payments?limit=100
[2026-02-04T09:14:29.489Z] GET /api/payments?limit=100
[2026-02-04T09:14:46.533Z] OPTIONS /api/contracts
[2026-02-04T09:14:46.534Z] OPTIONS /api/contracts
[2026-02-04T09:14:46.535Z] GET /api/contracts
[2026-02-04T09:14:47.212Z] GET /api/contracts
[2026-02-04T09:14:50.251Z] OPTIONS /api/tenants
[2026-02-04T09:14:50.252Z] OPTIONS /api/tenants
[2026-02-04T09:14:50.257Z] GET /api/tenants
[2026-02-04T09:14:50.858Z] GET /api/tenants
[2026-02-04T09:15:21.749Z] OPTIONS /api/stats/overview
[2026-02-04T09:15:21.749Z] OPTIONS /api/stats/overview
[2026-02-04T09:15:21.751Z] GET /api/stats/overview
[2026-02-04T09:15:22.526Z] GET /api/stats/overview
[2026-02-04T09:15:37.880Z] OPTIONS /api/spaces
[2026-02-04T09:15:37.881Z] OPTIONS /api/spaces
[2026-02-04T09:15:37.883Z] GET /api/spaces
[2026-02-04T09:15:38.727Z] GET /api/spaces
[2026-02-04T09:15:39.892Z] OPTIONS /api/tenants
[2026-02-04T09:15:39.893Z] OPTIONS /api/tenants
[2026-02-04T09:15:39.894Z] GET /api/tenants
[2026-02-04T09:15:40.557Z] GET /api/tenants
[2026-02-04T09:15:55.566Z] OPTIONS /api/contracts
[2026-02-04T09:15:55.567Z] OPTIONS /api/contracts
[2026-02-04T09:15:55.568Z] GET /api/contracts
[2026-02-04T09:15:56.331Z] GET /api/contracts
[2026-02-04T09:33:56.137Z] OPTIONS /api/contracts
[2026-02-04T09:33:56.138Z] OPTIONS /api/contracts
[2026-02-04T09:33:56.139Z] GET /api/contracts
[2026-02-04T09:33:57.754Z] GET /api/contracts
[2026-02-04T09:33:59.966Z] OPTIONS /api/tenants
[2026-02-04T09:33:59.966Z] OPTIONS /api/tenants
[2026-02-04T09:33:59.967Z] GET /api/tenants
[2026-02-04T09:34:00.624Z] GET /api/tenants
[2026-02-04T09:34:01.340Z] OPTIONS /api/spaces
[2026-02-04T09:34:01.340Z] OPTIONS /api/spaces
[2026-02-04T09:34:01.341Z] GET /api/spaces
[2026-02-04T09:34:01.953Z] GET /api/spaces
